Using pre-set license
Built from '2021.3/staging' branch; Version is '2021.3.13f1 (9e7d58001ecf) revision 10386776'; Using compiler version '192829333'; Build Type 'Release'
OS: 'Windows 11  (10.0.22621) 64bit CoreCountrySpecific' Language: 'zh' Physical Memory: 16124 MB
BatchMode: 1, IsHumanControllingUs: 0, StartBugReporterOnCrash: 0, Is64bit: 1, IsPro: 1

COMMAND LINE ARGUMENTS:
E:\unity\2021.3.13f1\Editor\Unity.exe
-adb2
-batchMode
-noUpm
-name
AssetImportWorker0
-projectPath
E:/UMA/ECE697SD-paper/ECE697SD/697SD_V2
-logFile
Logs/AssetImportWorker0.log
-srvPort
4271
Successfully changed project path to: E:/UMA/ECE697SD-paper/ECE697SD/697SD_V2
E:/UMA/ECE697SD-paper/ECE697SD/697SD_V2
[UnityMemory] Configuration Parameters - Can be set up in boot.config
    "memorysetup-bucket-allocator-granularity=16"
    "memorysetup-bucket-allocator-bucket-count=8"
    "memorysetup-bucket-allocator-block-size=33554432"
    "memorysetup-bucket-allocator-block-count=8"
    "memorysetup-main-allocator-block-size=16777216"
    "memorysetup-thread-allocator-block-size=16777216"
    "memorysetup-gfx-main-allocator-block-size=16777216"
    "memorysetup-gfx-thread-allocator-block-size=16777216"
    "memorysetup-cache-allocator-block-size=4194304"
    "memorysetup-typetree-allocator-block-size=2097152"
    "memorysetup-profiler-bucket-allocator-granularity=16"
    "memorysetup-profiler-bucket-allocator-bucket-count=8"
    "memorysetup-profiler-bucket-allocator-block-size=33554432"
    "memorysetup-profiler-bucket-allocator-block-count=8"
    "memorysetup-profiler-allocator-block-size=16777216"
    "memorysetup-profiler-editor-allocator-block-size=1048576"
    "memorysetup-temp-allocator-size-main=16777216"
    "memorysetup-job-temp-allocator-block-size=2097152"
    "memorysetup-job-temp-allocator-block-size-background=1048576"
    "memorysetup-job-temp-allocator-reduction-small-platforms=262144"
    "memorysetup-temp-allocator-size-background-worker=32768"
    "memorysetup-temp-allocator-size-job-worker=262144"
    "memorysetup-temp-allocator-size-preload-manager=33554432"
    "memorysetup-temp-allocator-size-nav-mesh-worker=65536"
    "memorysetup-temp-allocator-size-audio-worker=65536"
    "memorysetup-temp-allocator-size-cloud-worker=32768"
    "memorysetup-temp-allocator-size-gi-baking-worker=262144"
    "memorysetup-temp-allocator-size-gfx=262144"
Refreshing native plugins compatible for Editor in 52.06 ms, found 6 plugins.
Preloading 0 native plugins for Editor in 0.00 ms.
Initialize engine version: 2021.3.13f1 (9e7d58001ecf)
[Subsystems] Discovering subsystems at path E:/unity/2021.3.13f1/Editor/Data/Resources/UnitySubsystems
[Subsystems] Discovering subsystems at path E:/UMA/ECE697SD-paper/ECE697SD/697SD_V2/Assets
GfxDevice: creating device client; threaded=0; jobified=0
Direct3D:
    Version:  Direct3D 11.0 [level 11.1]
    Renderer: NVIDIA GeForce RTX 3060 Laptop GPU (ID=0x2560)
    Vendor:   NVIDIA
    VRAM:     6023 MB
    Driver:   31.0.15.2206
Initialize mono
Mono path[0] = 'E:/unity/2021.3.13f1/Editor/Data/Managed'
Mono path[1] = 'E:/unity/2021.3.13f1/Editor/Data/MonoBleedingEdge/lib/mono/unityjit-win32'
Mono config path = 'E:/unity/2021.3.13f1/Editor/Data/MonoBleedingEdge/etc'
Using monoOptions --debugger-agent=transport=dt_socket,embedding=1,server=y,suspend=n,address=127.0.0.1:56604
Begin MonoManager ReloadAssembly
Registering precompiled unity dll's ...
Register platform support module: E:/unity/2021.3.13f1/Editor/Data/PlaybackEngines/WebGLSupport/UnityEditor.WebGL.Extensions.dll
Register platform support module: E:/unity/2021.3.13f1/Editor/Data/PlaybackEngines/WindowsStandaloneSupport/UnityEditor.WindowsStandalone.Extensions.dll
Registered in 0.001086 seconds.
Native extension for WindowsStandalone target not found
Native extension for WebGL target not found
Refreshing native plugins compatible for Editor in 54.76 ms, found 6 plugins.
Preloading 0 native plugins for Editor in 0.00 ms.
Mono: successfully reloaded assembly
- Completed reload, in  0.449 seconds
Domain Reload Profiling:
	ReloadAssembly (450ms)
		BeginReloadAssembly (50ms)
			ExecutionOrderSort (0ms)
			DisableScriptedObjects (0ms)
			BackupInstance (0ms)
			ReleaseScriptingObjects (0ms)
			CreateAndSetChildDomain (1ms)
		EndReloadAssembly (330ms)
			LoadAssemblies (49ms)
			RebuildTransferFunctionScriptingTraits (0ms)
			SetupTypeCache (76ms)
			ReleaseScriptCaches (0ms)
			RebuildScriptCaches (19ms)
			SetupLoadedEditorAssemblies (196ms)
				LogAssemblyErrors (0ms)
				InitializePlatformSupportModulesInManaged (6ms)
				SetLoadedEditorAssemblies (0ms)
				RefreshPlugins (55ms)
				BeforeProcessingInitializeOnLoad (1ms)
				ProcessInitializeOnLoadAttributes (101ms)
				ProcessInitializeOnLoadMethodAttributes (33ms)
				AfterProcessingInitializeOnLoad (0ms)
				EditorAssembliesLoaded (0ms)
			ExecutionOrderSort2 (0ms)
			AwakeInstancesAfterBackupRestoration (0ms)
Platform modules already initialized, skipping
Registering precompiled user dll's ...
Registered in 0.002796 seconds.
Begin MonoManager ReloadAssembly
Symbol file LoadedFromMemory doesn't match image E:\UMA\ECE697SD-paper\ECE697SD\697SD_V2\Library\PackageCache\com.unity.visualscripting@1.7.8\Editor\VisualScripting.Core\Dependencies\YamlDotNet\Unity.VisualScripting.YamlDotNet.dll
Symbol file LoadedFromMemory doesn't match image E:\UMA\ECE697SD-paper\ECE697SD\697SD_V2\Library\PackageCache\com.unity.visualscripting@1.7.8\Editor\VisualScripting.Core\Dependencies\DotNetZip\Unity.VisualScripting.IonicZip.dll
Native extension for WindowsStandalone target not found
Native extension for WebGL target not found
Refreshing native plugins compatible for Editor in 0.59 ms, found 6 plugins.
Preloading 0 native plugins for Editor in 0.00 ms.
Package Manager log level set to [2]
Mono: successfully reloaded assembly
- Completed reload, in  0.744 seconds
Domain Reload Profiling:
	ReloadAssembly (744ms)
		BeginReloadAssembly (73ms)
			ExecutionOrderSort (0ms)
			DisableScriptedObjects (4ms)
			BackupInstance (0ms)
			ReleaseScriptingObjects (0ms)
			CreateAndSetChildDomain (15ms)
		EndReloadAssembly (595ms)
			LoadAssemblies (55ms)
			RebuildTransferFunctionScriptingTraits (0ms)
			SetupTypeCache (203ms)
			ReleaseScriptCaches (0ms)
			RebuildScriptCaches (40ms)
			SetupLoadedEditorAssemblies (258ms)
				LogAssemblyErrors (0ms)
				InitializePlatformSupportModulesInManaged (4ms)
				SetLoadedEditorAssemblies (0ms)
				RefreshPlugins (1ms)
				BeforeProcessingInitializeOnLoad (56ms)
				ProcessInitializeOnLoadAttributes (174ms)
				ProcessInitializeOnLoadMethodAttributes (22ms)
				AfterProcessingInitializeOnLoad (2ms)
				EditorAssembliesLoaded (0ms)
			ExecutionOrderSort2 (0ms)
			AwakeInstancesAfterBackupRestoration (5ms)
Platform modules already initialized, skipping
========================================================================
Worker process is ready to serve import requests
Launched and connected shader compiler UnityShaderCompiler.exe after 0.05 seconds
Refreshing native plugins compatible for Editor in 0.51 ms, found 6 plugins.
Preloading 0 native plugins for Editor in 0.00 ms.
Unloading 3725 Unused Serialized files (Serialized files now loaded: 0)
Unloading 29 unused Assets / (56.5 KB). Loaded Objects now: 4187.
Memory consumption went from 131.7 MB to 131.6 MB.
Total: 2.943800 ms (FindLiveObjects: 0.227100 ms CreateObjectMapping: 0.199900 ms MarkObjects: 2.447400 ms  DeleteObjects: 0.068400 ms)

AssetImportParameters requested are different than current active one (requested -> active):
  custom:video-decoder-ogg-theora: a1e56fd34408186e4bbccfd4996cb3dc -> 
  custom:container-muxer-webm: aa71ff27fc2769a1b78a27578f13a17b -> 
  custom:container-demuxer-webm: 4f35f7cbe854078d1ac9338744f61a02 -> 
  custom:video-encoder-webm-vp8: eb34c28f22e8b96e1ab97ce403110664 -> 
  custom:video-codec-MediaFoundation-h265: 746d11721c4dcdbdad8f713fa42b33f4 -> 
  custom:audio-encoder-webm-vorbis: bf7c407c2cedff20999df2af8eb42d56 -> 
  custom:framework-win-MediaFoundation: 216162199b28c13a410421893ffa2e32 -> 
  custom:container-demuxer-ogg: 62fdf1f143b41e24485cea50d1cbac27 -> 
  custom:video-decoder-webm-vp8: 9c59270c3fd7afecdb556c50c9e8de78 -> 
  custom:audio-decoder-ogg-vorbis: bf7c407c2cedff20999df2af8eb42d56 -> 
========================================================================
Received Import Request.
  Time since last request: 420420.099657 seconds.
  path: Assets/SteamVR/InteractionSystem/Samples/JoeJeff/JJHat.fbx
  artifactKey: Guid(b3ac77097923838428fea9044967ced5) Importer(815301076,1909f56bfc062723c751e8b465ee728b)
Start importing Assets/SteamVR/InteractionSystem/Samples/JoeJeff/JJHat.fbx using Guid(b3ac77097923838428fea9044967ced5) Importer(815301076,1909f56bfc062723c751e8b465ee728b)  -> (artifact id: '9b2b36e7ac834ce50d386d4f286b8bc0') in 0.281346 seconds 
========================================================================
Received Import Request.
  Time since last request: 0.000020 seconds.
  path: Assets/SteamVR/InteractionSystem/Longbow/Models/Balloon.fbx
  artifactKey: Guid(8c0fbd56181ea0843b1596b4cb0e5498) Importer(815301076,1909f56bfc062723c751e8b465ee728b)
Start importing Assets/SteamVR/InteractionSystem/Longbow/Models/Balloon.fbx using Guid(8c0fbd56181ea0843b1596b4cb0e5498) Importer(815301076,1909f56bfc062723c751e8b465ee728b)  -> (artifact id: '483fdaadbff6f488acebe4ddf53d0c9b') in 0.023766 seconds 
========================================================================
Received Import Request.
  Time since last request: 0.000029 seconds.
  path: Assets/SteamVR/InteractionSystem/Samples/Grenade/Grenade.fbx
  artifactKey: Guid(4fb2904dac114a24da3aa9af947011a4) Importer(815301076,1909f56bfc062723c751e8b465ee728b)
Start importing Assets/SteamVR/InteractionSystem/Samples/Grenade/Grenade.fbx using Guid(4fb2904dac114a24da3aa9af947011a4) Importer(815301076,1909f56bfc062723c751e8b465ee728b)  -> (artifact id: '4a39eafd84cd952c5b6d6a4523b7f5e2') in 0.029879 seconds 
========================================================================
Received Import Request.
  Time since last request: 0.000017 seconds.
  path: Assets/SteamVR/InteractionSystem/Samples/JoeJeff/JoeJeff.fbx
  artifactKey: Guid(f50eaab9ff2788842bdf5c2875f3778b) Importer(815301076,1909f56bfc062723c751e8b465ee728b)
Start importing Assets/SteamVR/InteractionSystem/Samples/JoeJeff/JoeJeff.fbx using Guid(f50eaab9ff2788842bdf5c2875f3778b) Importer(815301076,1909f56bfc062723c751e8b465ee728b)  -> (artifact id: '2554b591c995a7f814dbe28a0a473a87') in 0.086215 seconds 
========================================================================
Received Import Request.
  Time since last request: 3.958373 seconds.
  path: Assets/SteamVR/Models/Materials/models_hands_vr_glove.vmat.mat
  artifactKey: Guid(fad1eadf5b103e94ebbe02490afe0503) Importer(815301076,1909f56bfc062723c751e8b465ee728b)
Start importing Assets/SteamVR/Models/Materials/models_hands_vr_glove.vmat.mat using Guid(fad1eadf5b103e94ebbe02490afe0503) Importer(815301076,1909f56bfc062723c751e8b465ee728b)  -> (artifact id: 'b727fec86bfc405dd7cd853677805be7') in 0.184988 seconds 
========================================================================
Received Import Request.
  Time since last request: 0.000022 seconds.
  path: Assets/SteamVR/InteractionSystem/Samples/Models/Materials/No Name.mat
  artifactKey: Guid(d35a9f69ebf49c547abfcb58ee6fb9ed) Importer(815301076,1909f56bfc062723c751e8b465ee728b)
Start importing Assets/SteamVR/InteractionSystem/Samples/Models/Materials/No Name.mat using Guid(d35a9f69ebf49c547abfcb58ee6fb9ed) Importer(815301076,1909f56bfc062723c751e8b465ee728b)  -> (artifact id: '6d17c7374c533a4d18f4007473647f99') in 0.019962 seconds 
========================================================================
Received Import Request.
  Time since last request: 0.000029 seconds.
  path: Assets/SteamVR/InteractionSystem/Samples/BuggyBuddy/Materials/No Name.mat
  artifactKey: Guid(844c81ac9d93a8c4bb495bccb4a0da0c) Importer(815301076,1909f56bfc062723c751e8b465ee728b)
Start importing Assets/SteamVR/InteractionSystem/Samples/BuggyBuddy/Materials/No Name.mat using Guid(844c81ac9d93a8c4bb495bccb4a0da0c) Importer(815301076,1909f56bfc062723c751e8b465ee728b)  -> (artifact id: 'cd3031d01b30104e3477b5c54a71075b') in 0.014957 seconds 
========================================================================
Received Import Request.
  Time since last request: 0.690698 seconds.
  path: Assets/Materials/R0010027.mat
  artifactKey: Guid(c90ab15b7b6485b448f61785349fbee8) Importer(815301076,1909f56bfc062723c751e8b465ee728b)
Start importing Assets/Materials/R0010027.mat using Guid(c90ab15b7b6485b448f61785349fbee8) Importer(815301076,1909f56bfc062723c751e8b465ee728b)  -> (artifact id: '92fc7b5afc8f5a09987dc791040702a4') in 0.062963 seconds 
========================================================================
Received Import Request.
  Time since last request: 0.000021 seconds.
  path: Assets/SteamVR/InteractionSystem/Samples/Materials/ShinyWhite.mat
  artifactKey: Guid(7e90f10e44a186a49a00679d068515ed) Importer(815301076,1909f56bfc062723c751e8b465ee728b)
Start importing Assets/SteamVR/InteractionSystem/Samples/Materials/ShinyWhite.mat using Guid(7e90f10e44a186a49a00679d068515ed) Importer(815301076,1909f56bfc062723c751e8b465ee728b)  -> (artifact id: '3c57dff069680768ffc7fc6619b078b3') in 0.025515 seconds 
========================================================================
Received Import Request.
  Time since last request: 0.000024 seconds.
  path: Assets/SteamVR/InteractionSystem/Samples/Materials/ShinyWhiteHighlightedOld.mat
  artifactKey: Guid(c5a10ebcdfbfdfe4e94b37a089618ed5) Importer(815301076,1909f56bfc062723c751e8b465ee728b)
Start importing Assets/SteamVR/InteractionSystem/Samples/Materials/ShinyWhiteHighlightedOld.mat using Guid(c5a10ebcdfbfdfe4e94b37a089618ed5) Importer(815301076,1909f56bfc062723c751e8b465ee728b)  -> (artifact id: 'a71a7c8640d3b0c3254db51b34474d23') in 0.027579 seconds 
========================================================================
Received Import Request.
  Time since last request: 0.001049 seconds.
  path: Assets/SteamVR/InteractionSystem/Samples/Materials/ShinyYellow.mat
  artifactKey: Guid(3f5766a8b67794141ac19c1a51d27083) Importer(815301076,1909f56bfc062723c751e8b465ee728b)
Start importing Assets/SteamVR/InteractionSystem/Samples/Materials/ShinyYellow.mat using Guid(3f5766a8b67794141ac19c1a51d27083) Importer(815301076,1909f56bfc062723c751e8b465ee728b)  -> (artifact id: '2f805d8bec9fc250363f92e04d9450df') in 0.020917 seconds 
========================================================================
Received Import Request.
  Time since last request: 0.000018 seconds.
  path: Assets/SteamVR/InteractionSystem/Samples/BuggyBuddy/Materials/smokeTurbo.mat
  artifactKey: Guid(64f054f5a18f4584faa058fc83e53cc8) Importer(815301076,1909f56bfc062723c751e8b465ee728b)
Start importing Assets/SteamVR/InteractionSystem/Samples/BuggyBuddy/Materials/smokeTurbo.mat using Guid(64f054f5a18f4584faa058fc83e53cc8) Importer(815301076,1909f56bfc062723c751e8b465ee728b)  -> (artifact id: '32250f09161abd23f03fb86a93fc41b9') in 0.048506 seconds 
========================================================================
Received Import Request.
  Time since last request: 0.000039 seconds.
  path: Assets/SteamVR/Extras/SteamVR_TestTrackedCamera.mat
  artifactKey: Guid(99ee8d48ccf36264e9d9a72baa681249) Importer(815301076,1909f56bfc062723c751e8b465ee728b)
Start importing Assets/SteamVR/Extras/SteamVR_TestTrackedCamera.mat using Guid(99ee8d48ccf36264e9d9a72baa681249) Importer(815301076,1909f56bfc062723c751e8b465ee728b)  -> (artifact id: 'da3262c8e6c3ed48c1087d9094eef3dd') in 0.019198 seconds 
========================================================================
Received Import Request.
  Time since last request: 0.000019 seconds.
  path: Assets/SteamVR/InteractionSystem/SnapTurn/snapTurnArrow.mat
  artifactKey: Guid(b1e683e8bf011f94ab3c2f6d097aa87c) Importer(815301076,1909f56bfc062723c751e8b465ee728b)
Start importing Assets/SteamVR/InteractionSystem/SnapTurn/snapTurnArrow.mat using Guid(b1e683e8bf011f94ab3c2f6d097aa87c) Importer(815301076,1909f56bfc062723c751e8b465ee728b)  -> (artifact id: 'c169cd208a0e5b8c95443de1e0667e29') in 0.011617 seconds 
========================================================================
Received Import Request.
  Time since last request: 0.376078 seconds.
  path: Assets/SteamVR/InteractionSystem/Samples/Models/Materials/target.mat
  artifactKey: Guid(4bb9548183013a045a3a576bd7740d4f) Importer(815301076,1909f56bfc062723c751e8b465ee728b)
Start importing Assets/SteamVR/InteractionSystem/Samples/Models/Materials/target.mat using Guid(4bb9548183013a045a3a576bd7740d4f) Importer(815301076,1909f56bfc062723c751e8b465ee728b)  -> (artifact id: '8b09bde67d14c8def05b7de450a3b9c9') in 0.036258 seconds 
========================================================================
Received Import Request.
  Time since last request: 0.022595 seconds.
  path: Assets/SteamVR/InteractionSystem/Teleport/Materials/TeleportAreaLocked.mat
  artifactKey: Guid(f6802bd638faedf4dbe4a57c1f222991) Importer(815301076,1909f56bfc062723c751e8b465ee728b)
Start importing Assets/SteamVR/InteractionSystem/Teleport/Materials/TeleportAreaLocked.mat using Guid(f6802bd638faedf4dbe4a57c1f222991) Importer(815301076,1909f56bfc062723c751e8b465ee728b)  -> (artifact id: '71413fb3da8a66a1dd767dcf5e82a2b3') in 0.021273 seconds 
========================================================================
Received Import Request.
  Time since last request: 0.029119 seconds.
  path: Assets/SteamVR/InteractionSystem/Teleport/Materials/TeleportAreaVisibleBright.mat
  artifactKey: Guid(f2d37238fea5a8c4a86c80912b379030) Importer(815301076,1909f56bfc062723c751e8b465ee728b)
Start importing Assets/SteamVR/InteractionSystem/Teleport/Materials/TeleportAreaVisibleBright.mat using Guid(f2d37238fea5a8c4a86c80912b379030) Importer(815301076,1909f56bfc062723c751e8b465ee728b)  -> (artifact id: '5373892c5308529b04ea7d42acc79367') in 0.024412 seconds 
========================================================================
Received Import Request.
  Time since last request: 0.318140 seconds.
  path: Assets/SteamVR/InteractionSystem/Teleport/Materials/TeleportPlaySpace.mat
  artifactKey: Guid(a1313a5fd0b97df4798c301e337a1eb8) Importer(815301076,1909f56bfc062723c751e8b465ee728b)
Start importing Assets/SteamVR/InteractionSystem/Teleport/Materials/TeleportPlaySpace.mat using Guid(a1313a5fd0b97df4798c301e337a1eb8) Importer(815301076,1909f56bfc062723c751e8b465ee728b)  -> (artifact id: 'aee60d7ce59d20568cd56104f7208b6c') in 0.033152 seconds 
========================================================================
Received Import Request.
  Time since last request: 0.000016 seconds.
  path: Assets/SteamVR/InteractionSystem/Teleport/Materials/TeleportPointHighlighted.mat
  artifactKey: Guid(f71819766ca687246a2150260bcfc1c5) Importer(815301076,1909f56bfc062723c751e8b465ee728b)
Start importing Assets/SteamVR/InteractionSystem/Teleport/Materials/TeleportPointHighlighted.mat using Guid(f71819766ca687246a2150260bcfc1c5) Importer(815301076,1909f56bfc062723c751e8b465ee728b)  -> (artifact id: 'de02df704ea0ed6112caead017695721') in 0.023599 seconds 
========================================================================
Received Import Request.
  Time since last request: 0.000024 seconds.
  path: Assets/SteamVR/InteractionSystem/Samples/Materials/ThrowingTarget.mat
  artifactKey: Guid(374354984cbc08b47ba979c830d8e59d) Importer(815301076,1909f56bfc062723c751e8b465ee728b)
Start importing Assets/SteamVR/InteractionSystem/Samples/Materials/ThrowingTarget.mat using Guid(374354984cbc08b47ba979c830d8e59d) Importer(815301076,1909f56bfc062723c751e8b465ee728b)  -> (artifact id: 'e9178fc53967139d8bf68a47734ec440') in 0.054012 seconds 
========================================================================
Received Import Request.
  Time since last request: 0.000029 seconds.
  path: Assets/SteamVR/InteractionSystem/Samples/Models/Materials/unnamed.mat
  artifactKey: Guid(21caec5e9129c334db1cc10e5cb06a88) Importer(815301076,1909f56bfc062723c751e8b465ee728b)
Start importing Assets/SteamVR/InteractionSystem/Samples/Models/Materials/unnamed.mat using Guid(21caec5e9129c334db1cc10e5cb06a88) Importer(815301076,1909f56bfc062723c751e8b465ee728b)  -> (artifact id: '581693492a0ea6049efff63e4e703c7a') in 0.013541 seconds 
========================================================================
Received Import Request.
  Time since last request: 0.000016 seconds.
  path: Assets/SteamVR/InteractionSystem/Longbow/Materials/TorchFire.mat
  artifactKey: Guid(9fff76eb68ad4c44b87be9e2ca168a80) Importer(815301076,1909f56bfc062723c751e8b465ee728b)
Start importing Assets/SteamVR/InteractionSystem/Longbow/Materials/TorchFire.mat using Guid(9fff76eb68ad4c44b87be9e2ca168a80) Importer(815301076,1909f56bfc062723c751e8b465ee728b)  -> (artifact id: '455ddb2de790cb28432c6f1bce97ed74') in 0.045713 seconds 
========================================================================
Received Import Request.
  Time since last request: 0.000017 seconds.
  path: Assets/SteamVR/InteractionSystem/Teleport/Materials URP/URPTeleportAreaHighlightedBright.mat
  artifactKey: Guid(42e2d33cb8e988945826a8a0f5c0f543) Importer(815301076,1909f56bfc062723c751e8b465ee728b)
Start importing Assets/SteamVR/InteractionSystem/Teleport/Materials URP/URPTeleportAreaHighlightedBright.mat using Guid(42e2d33cb8e988945826a8a0f5c0f543) Importer(815301076,1909f56bfc062723c751e8b465ee728b)  -> (artifact id: '2273d73a2fda497da5607b90db9d0a89') in 0.021102 seconds 
========================================================================
Received Import Request.
  Time since last request: 0.000023 seconds.
  path: Assets/SteamVR/InteractionSystem/Hints/Materials/URPControllerButtonHints.mat
  artifactKey: Guid(70a2eb634d7ed434b86d36f190fcf3a1) Importer(815301076,1909f56bfc062723c751e8b465ee728b)
Start importing Assets/SteamVR/InteractionSystem/Hints/Materials/URPControllerButtonHints.mat using Guid(70a2eb634d7ed434b86d36f190fcf3a1) Importer(815301076,1909f56bfc062723c751e8b465ee728b)  -> (artifact id: 'adb652807d1b5f27a51e49d48532c7c7') in 0.013954 seconds 
========================================================================
Received Import Request.
  Time since last request: 0.000019 seconds.
  path: Assets/SteamVR/InteractionSystem/Teleport/Materials/TeleportPointVisible.mat
  artifactKey: Guid(510c6e0b8b5c948458c2b4bc3de5a637) Importer(815301076,1909f56bfc062723c751e8b465ee728b)
Start importing Assets/SteamVR/InteractionSystem/Teleport/Materials/TeleportPointVisible.mat using Guid(510c6e0b8b5c948458c2b4bc3de5a637) Importer(815301076,1909f56bfc062723c751e8b465ee728b)  -> (artifact id: '7464104840473e8e8728b3c4c6b8dfd8') in 0.021609 seconds 
========================================================================
Received Import Request.
  Time since last request: 6.036342 seconds.
  path: Assets/SteamVR/Models/Materials/vr_glove_color_red.mat
  artifactKey: Guid(8f32b3d74401443479c643e48c21915a) Importer(815301076,1909f56bfc062723c751e8b465ee728b)
Start importing Assets/SteamVR/Models/Materials/vr_glove_color_red.mat using Guid(8f32b3d74401443479c643e48c21915a) Importer(815301076,1909f56bfc062723c751e8b465ee728b)  -> (artifact id: '26476bf4e6a60ab3e65acd0947791ca0') in 0.076166 seconds 
========================================================================
Received Import Request.
  Time since last request: 0.020443 seconds.
  path: Assets/SteamVR/InteractionSystem/Teleport/Materials URP/URPTeleportPointInvalid.mat
  artifactKey: Guid(69cf60201b6b1c447825fbb5f8d2240b) Importer(815301076,1909f56bfc062723c751e8b465ee728b)
Start importing Assets/SteamVR/InteractionSystem/Teleport/Materials URP/URPTeleportPointInvalid.mat using Guid(69cf60201b6b1c447825fbb5f8d2240b) Importer(815301076,1909f56bfc062723c751e8b465ee728b)  -> (artifact id: '43064d3c2cbcd67e7185ef6a3c816c98') in 0.020317 seconds 
========================================================================
Received Import Request.
  Time since last request: 4.387002 seconds.
  path: Assets/SteamVR/InteractionSystem/Teleport/Materials URP/URPTeleportPlaySpace.mat
  artifactKey: Guid(1d3d8159663c8c94cbf05cd6b9d686b6) Importer(815301076,1909f56bfc062723c751e8b465ee728b)
Start importing Assets/SteamVR/InteractionSystem/Teleport/Materials URP/URPTeleportPlaySpace.mat using Guid(1d3d8159663c8c94cbf05cd6b9d686b6) Importer(815301076,1909f56bfc062723c751e8b465ee728b)  -> (artifact id: '22ab26f0e903a47e61c1ec70a363ca25') in 0.036256 seconds 
========================================================================
Received Import Request.
  Time since last request: 0.034181 seconds.
  path: Assets/SteamVR/InteractionSystem/Teleport/Materials URP/URPTeleportAreaLocked.mat
  artifactKey: Guid(0fe9e4228ebb3bc469ead815cd305d91) Importer(815301076,1909f56bfc062723c751e8b465ee728b)
Start importing Assets/SteamVR/InteractionSystem/Teleport/Materials URP/URPTeleportAreaLocked.mat using Guid(0fe9e4228ebb3bc469ead815cd305d91) Importer(815301076,1909f56bfc062723c751e8b465ee728b)  -> (artifact id: 'dbc9924f1af51490167492a7d429b891') in 0.022334 seconds 
